

Version:	3.12
CmdLine:	C:\Users\allen\Desktop\IlGongGan\Tick-Tock\TICKTOCK.exe --l4j-debug
WOW64:		yes
Working dir:	C:\Users\allen\Desktop\IlGongGan\Tick-Tock\.
Java min ver:	1.008.000
Java max ver:	1.008.000_181
64-bit search:	SOFTWARE\JavaSoft\Java Runtime Environment...
Check:		SOFTWARE\JavaSoft\Java Runtime Environment\1.8
Check launcher:	C:\Program Files\Java\jre1.8.0_181\bin\javaw.exe (OK)
Match:		1.008.000
Check:		SOFTWARE\JavaSoft\Java Runtime Environment\1.8.0_181
Check launcher:	C:\Program Files\Java\jre1.8.0_181\bin\javaw.exe (OK)
Match:		1.008.000_181
64-bit search:	SOFTWARE\JavaSoft\Java Development Kit...
64-bit search:	SOFTWARE\JavaSoft\JRE...
Check:		SOFTWARE\JavaSoft\JRE\10.0.2
Ignore:		1.010.000_002
64-bit search:	SOFTWARE\JavaSoft\JDK...
Check:		SOFTWARE\JavaSoft\JDK\10.0.2
Ignore:		1.010.000_002
Runtime used:	1.008.000_181 (64-bit)
Launcher:	C:\Program Files\Java\jre1.8.0_181\bin\javaw.exe
Launcher args:	-jar "C:\Users\allen\Desktop\IlGongGan\Tick-Tock\TICKTOCK.exe"
Args length:	62/32768 chars
Exit code:	0


Version:	3.12
CmdLine:	C:\Users\allen\Desktop\IlGongGan\Tick-Tock\TICKTOCK.exe --l4j-debug
WOW64:		yes
Working dir:	C:\Users\allen\Desktop\IlGongGan\Tick-Tock\.
Java min ver:	1.008.000
Java max ver:	1.008.000_181
64-bit search:	SOFTWARE\JavaSoft\Java Runtime Environment...
Check:		SOFTWARE\JavaSoft\Java Runtime Environment\1.8
Check launcher:	C:\Program Files\Java\jre1.8.0_181\bin\javaw.exe (OK)
Match:		1.008.000
Check:		SOFTWARE\JavaSoft\Java Runtime Environment\1.8.0_181
Check launcher:	C:\Program Files\Java\jre1.8.0_181\bin\javaw.exe (OK)
Match:		1.008.000_181
64-bit search:	SOFTWARE\JavaSoft\Java Development Kit...
64-bit search:	SOFTWARE\JavaSoft\JRE...
Check:		SOFTWARE\JavaSoft\JRE\10.0.2
Ignore:		1.010.000_002
64-bit search:	SOFTWARE\JavaSoft\JDK...
Check:		SOFTWARE\JavaSoft\JDK\10.0.2
Ignore:		1.010.000_002
Runtime used:	1.008.000_181 (64-bit)
Launcher:	C:\Program Files\Java\jre1.8.0_181\bin\javaw.exe
Launcher args:	-jar "C:\Users\allen\Desktop\IlGongGan\Tick-Tock\TICKTOCK.exe"
Args length:	62/32768 chars
Exit code:	0


Version:	3.12
CmdLine:	C:\Users\allen\Desktop\IlGongGan\Tick-Tock\TICKTOCK.exe --l4j-debug
WOW64:		yes
Working dir:	C:\Users\allen\Desktop\IlGongGan\Tick-Tock\.
Java min ver:	1.008.000
Java max ver:	1.008.000_181
64-bit search:	SOFTWARE\JavaSoft\Java Runtime Environment...
Check:		SOFTWARE\JavaSoft\Java Runtime Environment\1.8
Check launcher:	C:\Program Files\Java\jre1.8.0_181\bin\javaw.exe (OK)
Match:		1.008.000
Check:		SOFTWARE\JavaSoft\Java Runtime Environment\1.8.0_181
Check launcher:	C:\Program Files\Java\jre1.8.0_181\bin\javaw.exe (OK)
Match:		1.008.000_181
64-bit search:	SOFTWARE\JavaSoft\Java Development Kit...
64-bit search:	SOFTWARE\JavaSoft\JRE...
Check:		SOFTWARE\JavaSoft\JRE\10.0.2
Ignore:		1.010.000_002
64-bit search:	SOFTWARE\JavaSoft\JDK...
Check:		SOFTWARE\JavaSoft\JDK\10.0.2
Ignore:		1.010.000_002
Runtime used:	1.008.000_181 (64-bit)
Launcher:	C:\Program Files\Java\jre1.8.0_181\bin\javaw.exe
Launcher args:	-jar "C:\Users\allen\Desktop\IlGongGan\Tick-Tock\TICKTOCK.exe"
Args length:	62/32768 chars
Exit code:	0


Version:	3.12
CmdLine:	C:\Users\allen\Desktop\IlGongGan\Tick-Tock=Optimization\TICKTOCK.exe --l4j-debug
WOW64:		yes
Working dir:	C:\Users\allen\Desktop\IlGongGan\Tick-Tock=Optimization\.
Java min ver:	1.008.000
Java max ver:	1.008.000_181
64-bit search:	SOFTWARE\JavaSoft\Java Runtime Environment...
Check:		SOFTWARE\JavaSoft\Java Runtime Environment\1.8
Check launcher:	C:\Program Files\Java\jre1.8.0_181\bin\javaw.exe (OK)
Match:		1.008.000
Check:		SOFTWARE\JavaSoft\Java Runtime Environment\1.8.0_181
Check launcher:	C:\Program Files\Java\jre1.8.0_181\bin\javaw.exe (OK)
Match:		1.008.000_181
64-bit search:	SOFTWARE\JavaSoft\Java Development Kit...
64-bit search:	SOFTWARE\JavaSoft\JRE...
Check:		SOFTWARE\JavaSoft\JRE\10.0.2
Ignore:		1.010.000_002
64-bit search:	SOFTWARE\JavaSoft\JDK...
Check:		SOFTWARE\JavaSoft\JDK\10.0.2
Ignore:		1.010.000_002
Runtime used:	1.008.000_181 (64-bit)
Launcher:	C:\Program Files\Java\jre1.8.0_181\bin\javaw.exe
Launcher args:	-jar "C:\Users\allen\Desktop\IlGongGan\Tick-Tock=Optimization\TICKTOCK.exe"
Args length:	75/32768 chars
Exit code:	0


Version:	3.12
CmdLine:	C:\Users\allen\Desktop\IlGongGan\Tick-Tock=Optimization\TICKTOCK.exe --l4j-debug
WOW64:		yes
Working dir:	C:\Users\allen\Desktop\IlGongGan\Tick-Tock=Optimization\.
Java min ver:	1.008.000
Java max ver:	1.008.000_181
64-bit search:	SOFTWARE\JavaSoft\Java Runtime Environment...
Check:		SOFTWARE\JavaSoft\Java Runtime Environment\1.8
Check launcher:	C:\Program Files\Java\jre1.8.0_181\bin\javaw.exe (OK)
Match:		1.008.000
Check:		SOFTWARE\JavaSoft\Java Runtime Environment\1.8.0_181
Check launcher:	C:\Program Files\Java\jre1.8.0_181\bin\javaw.exe (OK)
Match:		1.008.000_181
64-bit search:	SOFTWARE\JavaSoft\Java Development Kit...
64-bit search:	SOFTWARE\JavaSoft\JRE...
Check:		SOFTWARE\JavaSoft\JRE\10.0.2
Ignore:		1.010.000_002
64-bit search:	SOFTWARE\JavaSoft\JDK...
Check:		SOFTWARE\JavaSoft\JDK\10.0.2
Ignore:		1.010.000_002
Runtime used:	1.008.000_181 (64-bit)
Launcher:	C:\Program Files\Java\jre1.8.0_181\bin\javaw.exe
Launcher args:	-jar "C:\Users\allen\Desktop\IlGongGan\Tick-Tock=Optimization\TICKTOCK.exe"
Args length:	75/32768 chars
Exit code:	0


Version:	3.12
CmdLine:	C:\Users\allen\Desktop\IlGongGan\Tick-Tock=Optimization\TICKTOCK.exe --l4j-debug
WOW64:		yes
Working dir:	C:\Users\allen\Desktop\IlGongGan\Tick-Tock=Optimization\.
Java min ver:	1.008.000
Java max ver:	1.008.000_181
64-bit search:	SOFTWARE\JavaSoft\Java Runtime Environment...
Check:		SOFTWARE\JavaSoft\Java Runtime Environment\1.8
Check launcher:	C:\Program Files\Java\jre1.8.0_181\bin\javaw.exe (OK)
Match:		1.008.000
Check:		SOFTWARE\JavaSoft\Java Runtime Environment\1.8.0_181
Check launcher:	C:\Program Files\Java\jre1.8.0_181\bin\javaw.exe (OK)
Match:		1.008.000_181
64-bit search:	SOFTWARE\JavaSoft\Java Development Kit...
64-bit search:	SOFTWARE\JavaSoft\JRE...
Check:		SOFTWARE\JavaSoft\JRE\10.0.2
Ignore:		1.010.000_002
64-bit search:	SOFTWARE\JavaSoft\JDK...
Check:		SOFTWARE\JavaSoft\JDK\10.0.2
Ignore:		1.010.000_002
Runtime used:	1.008.000_181 (64-bit)
Launcher:	C:\Program Files\Java\jre1.8.0_181\bin\javaw.exe
Launcher args:	-jar "C:\Users\allen\Desktop\IlGongGan\Tick-Tock=Optimization\TICKTOCK.exe"
Args length:	75/32768 chars
Exit code:	0


Version:	3.12
CmdLine:	C:\Users\allen\Desktop\IlGongGan\Tick-Tock=Optimization\TICKTOCK.exe --l4j-debug
WOW64:		yes
Working dir:	C:\Users\allen\Desktop\IlGongGan\Tick-Tock=Optimization\.
Java min ver:	1.008.000
Java max ver:	1.008.000_181
64-bit search:	SOFTWARE\JavaSoft\Java Runtime Environment...
Check:		SOFTWARE\JavaSoft\Java Runtime Environment\1.8
Check launcher:	C:\Program Files\Java\jre1.8.0_181\bin\javaw.exe (OK)
Match:		1.008.000
Check:		SOFTWARE\JavaSoft\Java Runtime Environment\1.8.0_181
Check launcher:	C:\Program Files\Java\jre1.8.0_181\bin\javaw.exe (OK)
Match:		1.008.000_181
64-bit search:	SOFTWARE\JavaSoft\Java Development Kit...
64-bit search:	SOFTWARE\JavaSoft\JRE...
Check:		SOFTWARE\JavaSoft\JRE\10.0.2
Ignore:		1.010.000_002
64-bit search:	SOFTWARE\JavaSoft\JDK...
Check:		SOFTWARE\JavaSoft\JDK\10.0.2
Ignore:		1.010.000_002
Runtime used:	1.008.000_181 (64-bit)
Launcher:	C:\Program Files\Java\jre1.8.0_181\bin\javaw.exe
Launcher args:	-jar "C:\Users\allen\Desktop\IlGongGan\Tick-Tock=Optimization\TICKTOCK.exe"
Args length:	75/32768 chars
Exit code:	0


Version:	3.12
CmdLine:	C:\Users\allen\Desktop\IlGongGan\Tick-Tock=Optimization\TICKTOCK.exe --l4j-debug
WOW64:		yes
Working dir:	C:\Users\allen\Desktop\IlGongGan\Tick-Tock=Optimization\.
Java min ver:	1.008.000
Java max ver:	1.008.000_181
64-bit search:	SOFTWARE\JavaSoft\Java Runtime Environment...
Check:		SOFTWARE\JavaSoft\Java Runtime Environment\1.8
Check launcher:	C:\Program Files\Java\jre1.8.0_181\bin\javaw.exe (OK)
Match:		1.008.000
Check:		SOFTWARE\JavaSoft\Java Runtime Environment\1.8.0_181
Check launcher:	C:\Program Files\Java\jre1.8.0_181\bin\javaw.exe (OK)
Match:		1.008.000_181
64-bit search:	SOFTWARE\JavaSoft\Java Development Kit...
64-bit search:	SOFTWARE\JavaSoft\JRE...
Check:		SOFTWARE\JavaSoft\JRE\10.0.2
Ignore:		1.010.000_002
64-bit search:	SOFTWARE\JavaSoft\JDK...
Check:		SOFTWARE\JavaSoft\JDK\10.0.2
Ignore:		1.010.000_002
Runtime used:	1.008.000_181 (64-bit)
Launcher:	C:\Program Files\Java\jre1.8.0_181\bin\javaw.exe
Launcher args:	-jar "C:\Users\allen\Desktop\IlGongGan\Tick-Tock=Optimization\TICKTOCK.exe"
Args length:	75/32768 chars
Exit code:	0


Version:	3.12
CmdLine:	C:\Users\allen\Desktop\IlGongGan\Tick-Tock=Optimization\TICKTOCK.exe --l4j-debug
WOW64:		yes
Working dir:	C:\Users\allen\Desktop\IlGongGan\Tick-Tock=Optimization\.
Java min ver:	1.008.000
Java max ver:	1.008.000_181
64-bit search:	SOFTWARE\JavaSoft\Java Runtime Environment...
Check:		SOFTWARE\JavaSoft\Java Runtime Environment\1.8
Check launcher:	C:\Program Files\Java\jre1.8.0_181\bin\javaw.exe (OK)
Match:		1.008.000
Check:		SOFTWARE\JavaSoft\Java Runtime Environment\1.8.0_181
Check launcher:	C:\Program Files\Java\jre1.8.0_181\bin\javaw.exe (OK)
Match:		1.008.000_181
64-bit search:	SOFTWARE\JavaSoft\Java Development Kit...
64-bit search:	SOFTWARE\JavaSoft\JRE...
Check:		SOFTWARE\JavaSoft\JRE\10.0.2
Ignore:		1.010.000_002
64-bit search:	SOFTWARE\JavaSoft\JDK...
Check:		SOFTWARE\JavaSoft\JDK\10.0.2
Ignore:		1.010.000_002
Runtime used:	1.008.000_181 (64-bit)
Launcher:	C:\Program Files\Java\jre1.8.0_181\bin\javaw.exe
Launcher args:	-jar "C:\Users\allen\Desktop\IlGongGan\Tick-Tock=Optimization\TICKTOCK.exe"
Args length:	75/32768 chars
Exit code:	0


Version:	3.12
CmdLine:	C:\Users\allen\Desktop\IlGongGan\Tick-Tock=Optimization\TICKTOCK.exe --l4j-debug
WOW64:		yes
Working dir:	C:\Users\allen\Desktop\IlGongGan\Tick-Tock=Optimization\.
Java min ver:	1.008.000
Java max ver:	1.008.000_181
64-bit search:	SOFTWARE\JavaSoft\Java Runtime Environment...
Check:		SOFTWARE\JavaSoft\Java Runtime Environment\1.8
Check launcher:	C:\Program Files\Java\jre1.8.0_181\bin\javaw.exe (OK)
Match:		1.008.000
Check:		SOFTWARE\JavaSoft\Java Runtime Environment\1.8.0_181
Check launcher:	C:\Program Files\Java\jre1.8.0_181\bin\javaw.exe (OK)
Match:		1.008.000_181
64-bit search:	SOFTWARE\JavaSoft\Java Development Kit...
64-bit search:	SOFTWARE\JavaSoft\JRE...
Check:		SOFTWARE\JavaSoft\JRE\10.0.2
Ignore:		1.010.000_002
64-bit search:	SOFTWARE\JavaSoft\JDK...
Check:		SOFTWARE\JavaSoft\JDK\10.0.2
Ignore:		1.010.000_002
Runtime used:	1.008.000_181 (64-bit)
Launcher:	C:\Program Files\Java\jre1.8.0_181\bin\javaw.exe
Launcher args:	-jar "C:\Users\allen\Desktop\IlGongGan\Tick-Tock=Optimization\TICKTOCK.exe"
Args length:	75/32768 chars
Exit code:	0


Version:	3.12
CmdLine:	C:\Users\allen\Desktop\IlGongGan\Tick-Tock=Optimization\TICKTOCK.exe --l4j-debug
WOW64:		yes
Working dir:	C:\Users\allen\Desktop\IlGongGan\Tick-Tock=Optimization\.
Java min ver:	1.008.000
Java max ver:	1.008.000_181
64-bit search:	SOFTWARE\JavaSoft\Java Runtime Environment...
Check:		SOFTWARE\JavaSoft\Java Runtime Environment\1.8
Check launcher:	C:\Program Files\Java\jre1.8.0_181\bin\javaw.exe (OK)
Match:		1.008.000
Check:		SOFTWARE\JavaSoft\Java Runtime Environment\1.8.0_181
Check launcher:	C:\Program Files\Java\jre1.8.0_181\bin\javaw.exe (OK)
Match:		1.008.000_181
64-bit search:	SOFTWARE\JavaSoft\Java Development Kit...
64-bit search:	SOFTWARE\JavaSoft\JRE...
Check:		SOFTWARE\JavaSoft\JRE\10.0.2
Ignore:		1.010.000_002
64-bit search:	SOFTWARE\JavaSoft\JDK...
Check:		SOFTWARE\JavaSoft\JDK\10.0.2
Ignore:		1.010.000_002
Runtime used:	1.008.000_181 (64-bit)
Launcher:	C:\Program Files\Java\jre1.8.0_181\bin\javaw.exe
Launcher args:	-jar "C:\Users\allen\Desktop\IlGongGan\Tick-Tock=Optimization\TICKTOCK.exe"
Args length:	75/32768 chars
Exit code:	0


Version:	3.12
CmdLine:	C:\Users\allen\Desktop\IlGongGan\Tick-Tock=Optimization\TICKTOCK.exe --l4j-debug
WOW64:		yes
Working dir:	C:\Users\allen\Desktop\IlGongGan\Tick-Tock=Optimization\.
Java min ver:	1.008.000
Java max ver:	1.008.000_181
64-bit search:	SOFTWARE\JavaSoft\Java Runtime Environment...
Check:		SOFTWARE\JavaSoft\Java Runtime Environment\1.8
Check launcher:	C:\Program Files\Java\jre1.8.0_181\bin\javaw.exe (OK)
Match:		1.008.000
Check:		SOFTWARE\JavaSoft\Java Runtime Environment\1.8.0_181
Check launcher:	C:\Program Files\Java\jre1.8.0_181\bin\javaw.exe (OK)
Match:		1.008.000_181
64-bit search:	SOFTWARE\JavaSoft\Java Development Kit...
64-bit search:	SOFTWARE\JavaSoft\JRE...
Check:		SOFTWARE\JavaSoft\JRE\10.0.2
Ignore:		1.010.000_002
64-bit search:	SOFTWARE\JavaSoft\JDK...
Check:		SOFTWARE\JavaSoft\JDK\10.0.2
Ignore:		1.010.000_002
Runtime used:	1.008.000_181 (64-bit)
Launcher:	C:\Program Files\Java\jre1.8.0_181\bin\javaw.exe
Launcher args:	-jar "C:\Users\allen\Desktop\IlGongGan\Tick-Tock=Optimization\TICKTOCK.exe"
Args length:	75/32768 chars
Exit code:	0


Version:	3.12
CmdLine:	C:\Users\allen\Desktop\IlGongGan\Tick-Tock=Optimization\TICKTOCK.exe --l4j-debug
WOW64:		yes
Working dir:	C:\Users\allen\Desktop\IlGongGan\Tick-Tock=Optimization\.
Java min ver:	1.008.000
Java max ver:	1.008.000_181
64-bit search:	SOFTWARE\JavaSoft\Java Runtime Environment...
Check:		SOFTWARE\JavaSoft\Java Runtime Environment\1.8
Check launcher:	C:\Program Files\Java\jre1.8.0_181\bin\javaw.exe (OK)
Match:		1.008.000
Check:		SOFTWARE\JavaSoft\Java Runtime Environment\1.8.0_181
Check launcher:	C:\Program Files\Java\jre1.8.0_181\bin\javaw.exe (OK)
Match:		1.008.000_181
64-bit search:	SOFTWARE\JavaSoft\Java Development Kit...
64-bit search:	SOFTWARE\JavaSoft\JRE...
Check:		SOFTWARE\JavaSoft\JRE\10.0.2
Ignore:		1.010.000_002
64-bit search:	SOFTWARE\JavaSoft\JDK...
Check:		SOFTWARE\JavaSoft\JDK\10.0.2
Ignore:		1.010.000_002
Runtime used:	1.008.000_181 (64-bit)
Launcher:	C:\Program Files\Java\jre1.8.0_181\bin\javaw.exe
Launcher args:	-jar "C:\Users\allen\Desktop\IlGongGan\Tick-Tock=Optimization\TICKTOCK.exe"
Args length:	75/32768 chars
Exit code:	0


Version:	3.12
CmdLine:	C:\Users\allen\Desktop\IlGongGan\Tick-Tock=Optimization\TICKTOCK.exe --l4j-debug
WOW64:		yes
Working dir:	C:\Users\allen\Desktop\IlGongGan\Tick-Tock=Optimization\.
Java min ver:	1.008.000
Java max ver:	1.008.000_181
64-bit search:	SOFTWARE\JavaSoft\Java Runtime Environment...
Check:		SOFTWARE\JavaSoft\Java Runtime Environment\1.8
Check launcher:	C:\Program Files\Java\jre1.8.0_181\bin\javaw.exe (OK)
Match:		1.008.000
Check:		SOFTWARE\JavaSoft\Java Runtime Environment\1.8.0_181
Check launcher:	C:\Program Files\Java\jre1.8.0_181\bin\javaw.exe (OK)
Match:		1.008.000_181
64-bit search:	SOFTWARE\JavaSoft\Java Development Kit...
64-bit search:	SOFTWARE\JavaSoft\JRE...
Check:		SOFTWARE\JavaSoft\JRE\10.0.2
Ignore:		1.010.000_002
64-bit search:	SOFTWARE\JavaSoft\JDK...
Check:		SOFTWARE\JavaSoft\JDK\10.0.2
Ignore:		1.010.000_002
Runtime used:	1.008.000_181 (64-bit)
Launcher:	C:\Program Files\Java\jre1.8.0_181\bin\javaw.exe
Launcher args:	-jar "C:\Users\allen\Desktop\IlGongGan\Tick-Tock=Optimization\TICKTOCK.exe"
Args length:	75/32768 chars
Exit code:	0


Version:	3.12
CmdLine:	C:\Users\allen\Desktop\IlGongGan\Tick-Tock=Optimization\TICKTOCK.exe --l4j-debug
WOW64:		yes
Working dir:	C:\Users\allen\Desktop\IlGongGan\Tick-Tock=Optimization\.
Java min ver:	1.008.000
Java max ver:	1.008.000_181
64-bit search:	SOFTWARE\JavaSoft\Java Runtime Environment...
Check:		SOFTWARE\JavaSoft\Java Runtime Environment\1.8
Check launcher:	C:\Program Files\Java\jre1.8.0_251\bin\javaw.exe (OK)
Match:		1.008.000
Check:		SOFTWARE\JavaSoft\Java Runtime Environment\1.8.0_251
Ignore:		1.008.000_251
64-bit search:	SOFTWARE\JavaSoft\Java Development Kit...
64-bit search:	SOFTWARE\JavaSoft\JRE...
64-bit search:	SOFTWARE\JavaSoft\JDK...
Check:		SOFTWARE\JavaSoft\JDK\10.0.2
Ignore:		1.010.000_002
Runtime used:	1.008.000 (64-bit)
Launcher:	C:\Program Files\Java\jre1.8.0_251\bin\javaw.exe
Launcher args:	-jar "C:\Users\allen\Desktop\IlGongGan\Tick-Tock=Optimization\TICKTOCK.exe"
Args length:	75/32768 chars
Exit code:	0


Version:	3.12
CmdLine:	C:\Users\allen\Desktop\IlGongGan\Tick-Tock=Optimization\TICKTOCK.exe --l4j-debug
WOW64:		yes
Working dir:	C:\Users\allen\Desktop\IlGongGan\Tick-Tock=Optimization\.
Java min ver:	1.008.000
Java max ver:	1.008.000_181
64-bit search:	SOFTWARE\JavaSoft\Java Runtime Environment...
Check:		SOFTWARE\JavaSoft\Java Runtime Environment\1.8
Check launcher:	C:\Program Files\Java\jre1.8.0_251\bin\javaw.exe (OK)
Match:		1.008.000
Check:		SOFTWARE\JavaSoft\Java Runtime Environment\1.8.0_251
Ignore:		1.008.000_251
64-bit search:	SOFTWARE\JavaSoft\Java Development Kit...
64-bit search:	SOFTWARE\JavaSoft\JRE...
64-bit search:	SOFTWARE\JavaSoft\JDK...
Check:		SOFTWARE\JavaSoft\JDK\10.0.2
Ignore:		1.010.000_002
Runtime used:	1.008.000 (64-bit)
Launcher:	C:\Program Files\Java\jre1.8.0_251\bin\javaw.exe
Launcher args:	-jar "C:\Users\allen\Desktop\IlGongGan\Tick-Tock=Optimization\TICKTOCK.exe"
Args length:	75/32768 chars
Exit code:	0


Version:	3.12
CmdLine:	C:\Users\allen\Desktop\IlGongGan\Tick-Tock=Optimization\TICKTOCK.exe --l4j-debug
WOW64:		yes
Working dir:	C:\Users\allen\Desktop\IlGongGan\Tick-Tock=Optimization\.
Java min ver:	1.008.000
Java max ver:	1.008.000_181
64-bit search:	SOFTWARE\JavaSoft\Java Runtime Environment...
Check:		SOFTWARE\JavaSoft\Java Runtime Environment\1.8
Check launcher:	C:\Program Files\Java\jre1.8.0_251\bin\javaw.exe (OK)
Match:		1.008.000
Check:		SOFTWARE\JavaSoft\Java Runtime Environment\1.8.0_251
Ignore:		1.008.000_251
64-bit search:	SOFTWARE\JavaSoft\Java Development Kit...
64-bit search:	SOFTWARE\JavaSoft\JRE...
64-bit search:	SOFTWARE\JavaSoft\JDK...
Check:		SOFTWARE\JavaSoft\JDK\10.0.2
Ignore:		1.010.000_002
Check:		SOFTWARE\JavaSoft\JDK\14.0.1
Ignore:		1.014.000_001
Runtime used:	1.008.000 (64-bit)
Launcher:	C:\Program Files\Java\jre1.8.0_251\bin\javaw.exe
Launcher args:	-jar "C:\Users\allen\Desktop\IlGongGan\Tick-Tock=Optimization\TICKTOCK.exe"
Args length:	75/32768 chars
Exit code:	0


Version:	3.12
CmdLine:	C:\Users\allen\Desktop\IlGongGan\Tick-Tock=Optimization\TICKTOCK.exe --l4j-debug
WOW64:		yes
Working dir:	C:\Users\allen\Desktop\IlGongGan\Tick-Tock=Optimization\.
Java min ver:	1.008.000
Java max ver:	1.008.000_181
64-bit search:	SOFTWARE\JavaSoft\Java Runtime Environment...
Check:		SOFTWARE\JavaSoft\Java Runtime Environment\1.8
Check launcher:	C:\Program Files\Java\jre1.8.0_251\bin\javaw.exe (OK)
Match:		1.008.000
Check:		SOFTWARE\JavaSoft\Java Runtime Environment\1.8.0_251
Ignore:		1.008.000_251
64-bit search:	SOFTWARE\JavaSoft\Java Development Kit...
64-bit search:	SOFTWARE\JavaSoft\JRE...
64-bit search:	SOFTWARE\JavaSoft\JDK...
Check:		SOFTWARE\JavaSoft\JDK\10.0.2
Ignore:		1.010.000_002
Check:		SOFTWARE\JavaSoft\JDK\14.0.1
Ignore:		1.014.000_001
Runtime used:	1.008.000 (64-bit)
Launcher:	C:\Program Files\Java\jre1.8.0_251\bin\javaw.exe
Launcher args:	-jar "C:\Users\allen\Desktop\IlGongGan\Tick-Tock=Optimization\TICKTOCK.exe"
Args length:	75/32768 chars
Exit code:	0


Version:	3.12
CmdLine:	C:\Users\allen\Desktop\IlGongGan\Tick-Tock=Optimization\TICKTOCK.exe --l4j-debug
WOW64:		yes
Working dir:	C:\Users\allen\Desktop\IlGongGan\Tick-Tock=Optimization\.
Java min ver:	1.008.000
Java max ver:	1.008.000_181
64-bit search:	SOFTWARE\JavaSoft\Java Runtime Environment...
Check:		SOFTWARE\JavaSoft\Java Runtime Environment\1.8
Check launcher:	C:\Program Files\Java\jre1.8.0_251\bin\javaw.exe (OK)
Match:		1.008.000
Check:		SOFTWARE\JavaSoft\Java Runtime Environment\1.8.0_251
Ignore:		1.008.000_251
64-bit search:	SOFTWARE\JavaSoft\Java Development Kit...
64-bit search:	SOFTWARE\JavaSoft\JRE...
64-bit search:	SOFTWARE\JavaSoft\JDK...
Check:		SOFTWARE\JavaSoft\JDK\10.0.2
Ignore:		1.010.000_002
Check:		SOFTWARE\JavaSoft\JDK\14.0.1
Ignore:		1.014.000_001
Runtime used:	1.008.000 (64-bit)
Launcher:	C:\Program Files\Java\jre1.8.0_251\bin\javaw.exe
Launcher args:	-jar "C:\Users\allen\Desktop\IlGongGan\Tick-Tock=Optimization\TICKTOCK.exe"
Args length:	75/32768 chars
Exit code:	0


Version:	3.12
CmdLine:	C:\Users\allen\Desktop\IlGongGan\Tick-Tock=Optimization\TICKTOCK.exe --l4j-debug
WOW64:		yes
Working dir:	C:\Users\allen\Desktop\IlGongGan\Tick-Tock=Optimization\.
Java min ver:	1.008.000
Java max ver:	1.008.000_181
64-bit search:	SOFTWARE\JavaSoft\Java Runtime Environment...
Check:		SOFTWARE\JavaSoft\Java Runtime Environment\1.8
Check launcher:	C:\Program Files\Java\jre1.8.0_251\bin\javaw.exe (OK)
Match:		1.008.000
Check:		SOFTWARE\JavaSoft\Java Runtime Environment\1.8.0_251
Ignore:		1.008.000_251
64-bit search:	SOFTWARE\JavaSoft\Java Development Kit...
64-bit search:	SOFTWARE\JavaSoft\JRE...
64-bit search:	SOFTWARE\JavaSoft\JDK...
Check:		SOFTWARE\JavaSoft\JDK\10.0.2
Ignore:		1.010.000_002
Check:		SOFTWARE\JavaSoft\JDK\14.0.1
Ignore:		1.014.000_001
Runtime used:	1.008.000 (64-bit)
Launcher:	C:\Program Files\Java\jre1.8.0_251\bin\javaw.exe
Launcher args:	-jar "C:\Users\allen\Desktop\IlGongGan\Tick-Tock=Optimization\TICKTOCK.exe"
Args length:	75/32768 chars
Exit code:	0


Version:	3.12
CmdLine:	C:\Users\allen\Desktop\IlGongGan\Tick-Tock=Optimization\TICKTOCK.exe --l4j-debug
WOW64:		yes
Working dir:	C:\Users\allen\Desktop\IlGongGan\Tick-Tock=Optimization\.
Java min ver:	1.008.000
Java max ver:	1.008.000_181
64-bit search:	SOFTWARE\JavaSoft\Java Runtime Environment...
Check:		SOFTWARE\JavaSoft\Java Runtime Environment\1.8
Check launcher:	C:\Program Files\Java\jre1.8.0_251\bin\javaw.exe (OK)
Match:		1.008.000
Check:		SOFTWARE\JavaSoft\Java Runtime Environment\1.8.0_251
Ignore:		1.008.000_251
64-bit search:	SOFTWARE\JavaSoft\Java Development Kit...
64-bit search:	SOFTWARE\JavaSoft\JRE...
64-bit search:	SOFTWARE\JavaSoft\JDK...
Check:		SOFTWARE\JavaSoft\JDK\10.0.2
Ignore:		1.010.000_002
Check:		SOFTWARE\JavaSoft\JDK\14.0.1
Ignore:		1.014.000_001
Runtime used:	1.008.000 (64-bit)
Launcher:	C:\Program Files\Java\jre1.8.0_251\bin\javaw.exe
Launcher args:	-jar "C:\Users\allen\Desktop\IlGongGan\Tick-Tock=Optimization\TICKTOCK.exe"
Args length:	75/32768 chars
Exit code:	0
